<?xml version="1.0" encoding="UTF-8"?>
<!-- Generated by org.testng.reporters.JUnitXMLReporter -->
<testsuite hostname="Home-pc" name="Default test" tests="4" failures="0" timestamp="1 Oct 2015 18:47:21 GMT" time="26.579" errors="0">
  <testcase name="testEmptyGroupCreation" time="2.077" classname="com.example.tests.GroupCreationTests"/>
  <testcase name="testNonEmptyGroupCreation" time="2.879" classname="com.example.tests.GroupCreationTests"/>
  <testcase name="testNonEmptyContactsCreation" time="4.122" classname="com.example.tests.ContactsCreationTests"/>
  <testcase name="testNonEmptyContactsCreation2" time="3.986" classname="com.example.tests.ContactsCreationTests"/>
</testsuite> <!-- Default test -->
