<?xml version="1.0" encoding="UTF-8"?>
<testng-results skipped="2" failed="0" total="2" passed="0">
  <reporter-output>
  </reporter-output>
  <suite name="Default suite" duration-ms="59" started-at="2015-10-06T17:10:29Z" finished-at="2015-10-06T17:10:29Z">
    <groups>
    </groups>
    <test name="Default test" duration-ms="59" started-at="2015-10-06T17:10:29Z" finished-at="2015-10-06T17:10:29Z">
      <class name="com.example.tests.ContactsCreationTests">
        <test-method status="FAIL" signature="setUp()[pri:0, instance:com.example.tests.ContactsCreationTests@4ad7f3e3]" name="setUp" is-config="true" duration-ms="0" started-at="2015-10-06T20:10:29Z" finished-at="2015-10-06T20:10:29Z">
          <exception class="java.lang.Error">
            <message>
              <![CDATA[Unresolved compilation problems: 
	The import org.openqa cannot be resolved
	The import org.openqa cannot be resolved
	WebDriver cannot be resolved to a type
	WebDriver cannot be resolved to a type
	FirefoxDriver cannot be resolved to a type
	WebDriver cannot be resolved to a type
	WebDriver cannot be resolved to a type
	WebDriver cannot be resolved to a type
]]>
            </message>
            <full-stacktrace>
              <![CDATA[java.lang.Error: Unresolved compilation problems: 
	The import org.openqa cannot be resolved
	The import org.openqa cannot be resolved
	WebDriver cannot be resolved to a type
	WebDriver cannot be resolved to a type
	FirefoxDriver cannot be resolved to a type
	WebDriver cannot be resolved to a type
	WebDriver cannot be resolved to a type
	WebDriver cannot be resolved to a type

	at com.example.fw.ApplicationManager.<init>(ApplicationManager.java:5)
	at com.example.tests.TestBase.setUp(TestBase.java:14)
	at sun.reflect.NativeMethodAccessorImpl.invoke0(Native Method)
	at sun.reflect.NativeMethodAccessorImpl.invoke(NativeMethodAccessorImpl.java:57)
	at sun.reflect.DelegatingMethodAccessorImpl.invoke(DelegatingMethodAccessorImpl.java:43)
	at java.lang.reflect.Method.invoke(Method.java:606)
	at org.testng.internal.MethodInvocationHelper.invokeMethod(MethodInvocationHelper.java:85)
	at org.testng.internal.Invoker.invokeConfigurationMethod(Invoker.java:515)
	at org.testng.internal.Invoker.invokeConfigurations(Invoker.java:213)
	at org.testng.internal.Invoker.invokeConfigurations(Invoker.java:140)
	at org.testng.TestRunner.beforeRun(TestRunner.java:645)
	at org.testng.TestRunner.run(TestRunner.java:613)
	at org.testng.SuiteRunner.runTest(SuiteRunner.java:357)
	at org.testng.SuiteRunner.runSequentially(SuiteRunner.java:352)
	at org.testng.SuiteRunner.privateRun(SuiteRunner.java:310)
	at org.testng.SuiteRunner.run(SuiteRunner.java:259)
	at org.testng.SuiteRunnerWorker.runSuite(SuiteRunnerWorker.java:52)
	at org.testng.SuiteRunnerWorker.run(SuiteRunnerWorker.java:86)
	at org.testng.TestNG.runSuitesSequentially(TestNG.java:1176)
	at org.testng.TestNG.runSuitesLocally(TestNG.java:1101)
	at org.testng.TestNG.run(TestNG.java:1009)
	at org.testng.remote.RemoteTestNG.run(RemoteTestNG.java:111)
	at org.testng.remote.RemoteTestNG.initAndRun(RemoteTestNG.java:204)
	at org.testng.remote.RemoteTestNG.main(RemoteTestNG.java:175)
]]>
            </full-stacktrace>
          </exception> <!-- java.lang.Error -->
          <reporter-output>
          </reporter-output>
        </test-method> <!-- setUp -->
        <test-method status="SKIP" signature="testNonEmptyContactsCreation()[pri:0, instance:com.example.tests.ContactsCreationTests@4ad7f3e3]" name="testNonEmptyContactsCreation" duration-ms="2" started-at="2015-10-06T20:10:29Z" finished-at="2015-10-06T20:10:29Z">
          <reporter-output>
          </reporter-output>
        </test-method> <!-- testNonEmptyContactsCreation -->
        <test-method status="SKIP" signature="testNonEmptyContactsCreation2()[pri:0, instance:com.example.tests.ContactsCreationTests@4ad7f3e3]" name="testNonEmptyContactsCreation2" duration-ms="1" started-at="2015-10-06T20:10:29Z" finished-at="2015-10-06T20:10:29Z">
          <reporter-output>
          </reporter-output>
        </test-method> <!-- testNonEmptyContactsCreation2 -->
        <test-method status="SKIP" signature="tearDown()[pri:0, instance:com.example.tests.ContactsCreationTests@4ad7f3e3]" name="tearDown" is-config="true" duration-ms="0" started-at="2015-10-06T20:10:29Z" finished-at="2015-10-06T20:10:29Z">
          <reporter-output>
          </reporter-output>
        </test-method> <!-- tearDown -->
      </class> <!-- com.example.tests.ContactsCreationTests -->
    </test> <!-- Default test -->
  </suite> <!-- Default suite -->
</testng-results>
